<?xml version="1.0" encoding="UTF-8"?>
<!-- Generated by org.testng.reporters.JUnitReportReporter -->
<testsuite skipped="0" hostname="LIE-CZ9NTC2" name="TestRunners.LoginRunnerTestNG" tests="4" failures="0" timestamp="21 May 2021 12:32:40 GMT" time="21.724" errors="4">
  <testcase name="runScenario" time="4.278" classname="TestRunners.LoginRunnerTestNG">
    <error type="java.lang.NullPointerException">
      <![CDATA[java.lang.NullPointerException
at Utils.ExtentReportListener.testStepHandle(ExtentReportListener.java:56)
at stepDefininitions.LoginSteps.customer_is_on_official_app_web(LoginSteps.java:103)
at ✽.Customer is on official app web(file:///C:/Users/kgajdosz/Documents/bench%20learning/BDD/Gherkin-Cucumber/BddFrameworkGherkin/FeatureFiles/LoginChrome.feature:7)
]]>
    </error>
  </testcase> <!-- runScenario -->
  <testcase name="runScenario" time="4.537" classname="TestRunners.LoginRunnerTestNG">
    <error type="java.lang.NullPointerException">
      <![CDATA[java.lang.NullPointerException
at Utils.ExtentReportListener.testStepHandle(ExtentReportListener.java:56)
at stepDefininitions.LoginSteps.customer_is_on_official_app_web(LoginSteps.java:103)
at ✽.Customer is on official app web(file:///C:/Users/kgajdosz/Documents/bench%20learning/BDD/Gherkin-Cucumber/BddFrameworkGherkin/FeatureFiles/LoginChrome.feature:7)
]]>
    </error>
  </testcase> <!-- runScenario -->
  <testcase name="runScenario" time="4.485" classname="TestRunners.LoginRunnerTestNG">
    <error type="java.lang.NullPointerException">
      <![CDATA[java.lang.NullPointerException
at Utils.ExtentReportListener.testStepHandle(ExtentReportListener.java:56)
at stepDefininitions.LoginSteps.customer_is_on_official_app_web(LoginSteps.java:103)
at ✽.Customer is on official app web(file:///C:/Users/kgajdosz/Documents/bench%20learning/BDD/Gherkin-Cucumber/BddFrameworkGherkin/FeatureFiles/LoginChrome.feature:7)
]]>
    </error>
  </testcase> <!-- runScenario -->
  <testcase name="runScenario" time="8.424" classname="TestRunners.LoginRunnerTestNG">
    <error type="java.lang.NullPointerException">
      <![CDATA[java.lang.NullPointerException
at Utils.ExtentReportListener.testStepHandle(ExtentReportListener.java:56)
at stepDefininitions.LoginSteps.customer_is_on_official_app_web(LoginSteps.java:103)
at ✽.Customer is on official app web(file:///C:/Users/kgajdosz/Documents/bench%20learning/BDD/Gherkin-Cucumber/BddFrameworkGherkin/FeatureFiles/LoginChrome.feature:7)
]]>
    </error>
  </testcase> <!-- runScenario -->
</testsuite> <!-- TestRunners.LoginRunnerTestNG -->
