<?xml version="1.0" encoding="UTF-8"?>
<!-- Generated by org.testng.reporters.JUnitReportReporter -->
<testsuite skipped="0" hostname="LIE-CZ9NTC2" name="TestRunners.LoginRunner2" tests="2" failures="0" timestamp="10 May 2021 11:33:50 GMT" time="21.138" errors="2">
  <testcase name="runScenario" time="11.785" classname="TestRunners.LoginRunner2">
    <error type="java.lang.NullPointerException">
      <![CDATA[java.lang.NullPointerException
at stepDefininitions.Hooks.Beginning(Hooks.java:32)
]]>
    </error>
  </testcase> <!-- runScenario -->
  <testcase name="runScenario" time="9.353" classname="TestRunners.LoginRunner2">
    <error type="java.lang.NullPointerException">
      <![CDATA[java.lang.NullPointerException
at stepDefininitions.Hooks.Beginning(Hooks.java:32)
]]>
    </error>
  </testcase> <!-- runScenario -->
</testsuite> <!-- TestRunners.LoginRunner2 -->
